#
# A fatal error has been detected by the Java Runtime Environment:
#
#  EXCEPTION_ACCESS_VIOLATION (0xc0000005) at pc=0x6d99a27e, pid=3424, tid=2900
#
# JRE version: 6.0_24-b07
# Java VM: Java HotSpot(TM) Client VM (19.1-b02 mixed mode, sharing windows-x86 )
# Problematic frame:
# V  [jvm.dll+0xfa27e]
#
# If you would like to submit a bug report, please visit:
#   http://java.sun.com/webapps/bugreport/crash.jsp
#

---------------  T H R E A D  ---------------

Current thread (0x04b0b400):  JavaThread "Java2D Disposer" daemon [_thread_in_vm, id=2900, stack(0x04e90000,0x04ee0000)]

siginfo: ExceptionCode=0xc0000005, reading address 0x00000000

Registers:
EAX=0x00502fe8, EBX=0x00000000, ECX=0x00000000, EDX=0x04edfac0
ESP=0x04edfab0, EBP=0x04edfb44, ESI=0x04b0b400, EDI=0x04af65d8
EIP=0x6d99a27e, EFLAGS=0x00010202

Register to memory mapping:

EAX=0x00502fe8
0x00502fe8 is pointing to unknown location

EBX=0x00000000
0x00000000 is pointing to unknown location

ECX=0x00000000
0x00000000 is pointing to unknown location

EDX=0x04edfac0
0x04edfac0 is pointing into the stack for thread: 0x04b0b400
"Java2D Disposer" daemon prio=10 tid=0x04b0b400 nid=0xb54 runnable [0x04edf000]
   java.lang.Thread.State: RUNNABLE

ESP=0x04edfab0
0x04edfab0 is pointing into the stack for thread: 0x04b0b400
"Java2D Disposer" daemon prio=10 tid=0x04b0b400 nid=0xb54 runnable [0x04edf000]
   java.lang.Thread.State: RUNNABLE

EBP=0x04edfb44
0x04edfb44 is pointing into the stack for thread: 0x04b0b400
"Java2D Disposer" daemon prio=10 tid=0x04b0b400 nid=0xb54 runnable [0x04edf000]
   java.lang.Thread.State: RUNNABLE

ESI=0x04b0b400
"Java2D Disposer" daemon prio=10 tid=0x04b0b400 nid=0xb54 runnable [0x04edf000]
   java.lang.Thread.State: RUNNABLE

EDI=0x04af65d8
0x04af65d8 is pointing to unknown location


Top of Stack: (sp=0x04edfab0)
0x04edfab0:   004a70c0 04b0b518 04b0b400 00000000
0x04edfac0:   00502fe8 004f2386 004f2394 04b0b400
0x04edfad0:   29b990b8 004f2386 39004600 29b990b8
0x04edfae0:   004f0186 39004600 75050ac4 04edfac0
0x04edfaf0:   04edfae1 00000001 00000008 004f2300
0x04edfb00:   04edfb1c 6da662d5 04b0b400 04b0b400
0x04edfb10:   04edfb40 6d8a1086 04b0b400 004fb690
0x04edfb20:   04b0b400 04b0b518 04edfb1c 00501fa8 

Instructions: (pc=0x6d99a27e)
0x6d99a26e:   b0 8b 55 a8 8b 45 f4 89 04 8a ff 45 b0 8b 5d fc
0x6d99a27e:   8b 03 8b 48 08 0f b7 51 2a 8b 40 0c 8b 4c 90 24 


Stack: [0x04e90000,0x04ee0000],  sp=0x04edfab0,  free space=318k
Native frames: (J=compiled Java code, j=interpreted, Vv=VM code, C=native code)
V  [jvm.dll+0xfa27e]
V  [jvm.dll+0xfd0c7]
C  [awt.dll+0x6c7cc]
j  java.awt.Cursor.finalizeImpl(J)V+0
j  java.awt.Cursor.access$000(J)V+1
j  java.awt.Cursor$CursorDisposer.dispose()V+13
j  sun.java2d.Disposer.run()V+26
j  java.lang.Thread.run()V+11
v  ~StubRoutines::call_stub
V  [jvm.dll+0xf0ab9]
V  [jvm.dll+0x1837d1]
V  [jvm.dll+0xf0c61]
V  [jvm.dll+0xf0cbb]
V  [jvm.dll+0x11b4b9]
V  [jvm.dll+0x1e4624]
V  [jvm.dll+0x18317c]
C  [msvcr71.dll+0x9565]
C  [kernel32.dll+0x1339a]
C  [ntdll.dll+0x39ef2]
C  [ntdll.dll+0x39ec5]

Java frames: (J=compiled Java code, j=interpreted, Vv=VM code)
j  java.awt.Cursor.finalizeImpl(J)V+0
j  java.awt.Cursor.access$000(J)V+1
j  java.awt.Cursor$CursorDisposer.dispose()V+13
j  sun.java2d.Disposer.run()V+26
j  java.lang.Thread.run()V+11
v  ~StubRoutines::call_stub

---------------  P R O C E S S  ---------------

Java Threads: ( => current thread )
  0x0556ec00 JavaThread "Thread-1" daemon [_thread_in_native, id=5756, stack(0x09f90000,0x09fe0000)]
  0x0556d400 JavaThread "TimerQueue" daemon [_thread_blocked, id=624, stack(0x0a0b0000,0x0a100000)]
  0x0556cc00 JavaThread "DestroyJavaVM" [_thread_blocked, id=3676, stack(0x00430000,0x00480000)]
  0x05563c00 JavaThread "Thread-5" [_thread_blocked, id=5384, stack(0x09f00000,0x09f50000)]
  0x05561800 JavaThread "Headspace mixer frame proc thread" daemon [_thread_blocked, id=5360, stack(0x09670000,0x096c0000)]
  0x05555000 JavaThread "Java Sound Event Dispatcher" daemon [_thread_blocked, id=4576, stack(0x07e60000,0x07eb0000)]
  0x05555800 JavaThread "Java Sound Event Dispatcher" daemon [_thread_blocked, id=2032, stack(0x07ff0000,0x08040000)]
  0x05525400 JavaThread "AWT-EventQueue-0" [_thread_blocked, id=2544, stack(0x058c0000,0x05910000)]
  0x04b0c000 JavaThread "AWT-Shutdown" [_thread_blocked, id=4852, stack(0x04fa0000,0x04ff0000)]
=>0x04b0b400 JavaThread "Java2D Disposer" daemon [_thread_in_vm, id=2900, stack(0x04e90000,0x04ee0000)]
  0x00501000 JavaThread "Low Memory Detector" daemon [_thread_blocked, id=2248, stack(0x049b0000,0x04a00000)]
  0x00500000 JavaThread "CompilerThread0" daemon [_thread_blocked, id=5948, stack(0x04920000,0x04970000)]
  0x004ff000 JavaThread "Attach Listener" daemon [_thread_blocked, id=5488, stack(0x04890000,0x048e0000)]
  0x004fc000 JavaThread "Signal Dispatcher" daemon [_thread_blocked, id=4608, stack(0x04800000,0x04850000)]
  0x004f2400 JavaThread "Finalizer" daemon [_thread_blocked, id=3356, stack(0x04770000,0x047c0000)]
  0x004ed400 JavaThread "Reference Handler" daemon [_thread_blocked, id=5768, stack(0x046e0000,0x04730000)]

Other Threads:
  0x004b1800 VMThread [stack: 0x04650000,0x046a0000] [id=5748]
  0x00513000 WatcherThread [stack: 0x04a40000,0x04a90000] [id=3416]

VM state:not at safepoint (normal execution)

VM Mutex/Monitor currently owned by a thread: None

Heap
 def new generation   total 9408K, used 506K [0x245f0000, 0x25020000, 0x29b40000)
  eden space 8384K,   0% used [0x245f0000, 0x245ffb08, 0x24e20000)
  from space 1024K,  43% used [0x24e20000, 0x24e8ef90, 0x24f20000)
  to   space 1024K,   0% used [0x24f20000, 0x24f20000, 0x25020000)
 tenured generation   total 20700K, used 20060K [0x29b40000, 0x2af77000, 0x345f0000)
   the space 20700K,  96% used [0x29b40000, 0x2aed73c8, 0x2aed7400, 0x2af77000)
 compacting perm gen  total 12288K, used 6575K [0x345f0000, 0x351f0000, 0x385f0000)
   the space 12288K,  53% used [0x345f0000, 0x34c5bf40, 0x34c5c000, 0x351f0000)
    ro space 10240K,  54% used [0x385f0000, 0x38b6d9f8, 0x38b6da00, 0x38ff0000)
    rw space 12288K,  55% used [0x38ff0000, 0x396913f8, 0x39691400, 0x39bf0000)

Dynamic libraries:
0x00400000 - 0x00424000 	C:\Program Files (x86)\Java\jdk1.6.0_24\bin\javaw.exe
0x778f0000 - 0x77a70000 	C:\Windows\SysWOW64\ntdll.dll
0x75aa0000 - 0x75bb0000 	C:\Windows\syswow64\kernel32.dll
0x75040000 - 0x75086000 	C:\Windows\syswow64\KERNELBASE.dll
0x751e0000 - 0x75280000 	C:\Windows\syswow64\ADVAPI32.dll
0x76df0000 - 0x76e9c000 	C:\Windows\syswow64\msvcrt.dll
0x753e0000 - 0x753f9000 	C:\Windows\SysWOW64\sechost.dll
0x752f0000 - 0x753e0000 	C:\Windows\syswow64\RPCRT4.dll
0x74fd0000 - 0x75030000 	C:\Windows\syswow64\SspiCli.dll
0x74fc0000 - 0x74fcc000 	C:\Windows\syswow64\CRYPTBASE.dll
0x75400000 - 0x75500000 	C:\Windows\syswow64\USER32.dll
0x75f50000 - 0x75fe0000 	C:\Windows\syswow64\GDI32.dll
0x75a90000 - 0x75a9a000 	C:\Windows\syswow64\LPK.dll
0x759f0000 - 0x75a8d000 	C:\Windows\syswow64\USP10.dll
0x75120000 - 0x75180000 	C:\Windows\system32\IMM32.DLL
0x756a0000 - 0x7576c000 	C:\Windows\syswow64\MSCTF.dll
0x7c340000 - 0x7c396000 	C:\Program Files (x86)\Java\jdk1.6.0_24\jre\bin\msvcr71.dll
0x6d8a0000 - 0x6db46000 	C:\Program Files (x86)\Java\jdk1.6.0_24\jre\bin\client\jvm.dll
0x74d20000 - 0x74d52000 	C:\Windows\system32\WINMM.dll
0x725e0000 - 0x7262c000 	C:\Windows\system32\apphelp.dll
0x6d850000 - 0x6d85c000 	C:\Program Files (x86)\Java\jdk1.6.0_24\jre\bin\verify.dll
0x6d3d0000 - 0x6d3ef000 	C:\Program Files (x86)\Java\jdk1.6.0_24\jre\bin\java.dll
0x6d330000 - 0x6d338000 	C:\Program Files (x86)\Java\jdk1.6.0_24\jre\bin\hpi.dll
0x75280000 - 0x75285000 	C:\Windows\syswow64\PSAPI.DLL
0x6d890000 - 0x6d89f000 	C:\Program Files (x86)\Java\jdk1.6.0_24\jre\bin\zip.dll
0x6d0b0000 - 0x6d1fa000 	C:\Program Files (x86)\Java\jdk1.6.0_24\jre\bin\awt.dll
0x74d80000 - 0x74dd1000 	C:\Windows\system32\WINSPOOL.DRV
0x75770000 - 0x758cc000 	C:\Windows\syswow64\ole32.dll
0x72750000 - 0x728ee000 	C:\Windows\WinSxS\x86_microsoft.windows.common-controls_6595b64144ccf1df_6.0.7601.17514_none_41e6975e2bd6f2b2\COMCTL32.dll
0x75290000 - 0x752e7000 	C:\Windows\syswow64\SHLWAPI.dll
0x71f10000 - 0x71f23000 	C:\Windows\system32\DWMAPI.DLL
0x71f30000 - 0x71fb0000 	C:\Windows\system32\uxtheme.dll
0x6d2e0000 - 0x6d32f000 	C:\Program Files (x86)\Java\jdk1.6.0_24\jre\bin\fontmanager.dll
0x76070000 - 0x76cba000 	C:\Windows\syswow64\shell32.dll
0x6d6b0000 - 0x6d6c3000 	C:\Program Files (x86)\Java\jdk1.6.0_24\jre\bin\net.dll
0x76f40000 - 0x76f75000 	C:\Windows\syswow64\WS2_32.dll
0x778c0000 - 0x778c6000 	C:\Windows\syswow64\NSI.dll
0x732f0000 - 0x7332c000 	C:\Windows\system32\mswsock.dll
0x74130000 - 0x74136000 	C:\Windows\System32\wship6.dll
0x6d6d0000 - 0x6d6d9000 	C:\Program Files (x86)\Java\jdk1.6.0_24\jre\bin\nio.dll
0x75ec0000 - 0x75f4f000 	C:\Windows\syswow64\OLEAUT32.dll
0x75500000 - 0x7569d000 	C:\Windows\syswow64\SETUPAPI.dll
0x76ef0000 - 0x76f17000 	C:\Windows\syswow64\CFGMGR32.dll
0x76f20000 - 0x76f32000 	C:\Windows\syswow64\DEVOBJ.dll
0x75090000 - 0x75113000 	C:\Windows\syswow64\CLBCatQ.DLL
0x6ca60000 - 0x6cb55000 	C:\Windows\system32\propsys.dll
0x73330000 - 0x73351000 	C:\Windows\system32\ntmarta.dll
0x76ea0000 - 0x76ee5000 	C:\Windows\syswow64\WLDAP32.dll
0x67b50000 - 0x67ce8000 	C:\Windows\system32\NetworkExplorer.dll
0x6ac60000 - 0x6ac8e000 	C:\Windows\System32\shdocvw.dll
0x74cf0000 - 0x74cfb000 	C:\Windows\system32\profapi.dll
0x68310000 - 0x6831a000 	C:\Windows\system32\slc.dll
0x6adc0000 - 0x6aebb000 	C:\Windows\system32\WindowsCodecs.dll
0x68ec0000 - 0x68ec7000 	C:\Windows\system32\msiltcfg.dll
0x74ef0000 - 0x74ef9000 	C:\Windows\system32\VERSION.dll
0x68340000 - 0x68580000 	C:\Windows\system32\msi.dll
0x10000000 - 0x10026000 	C:\Program Files (x86)\Serena\Dimensions 2009 R2\CM\prog\cmshellext10m.dll
0x06480000 - 0x06921000 	C:\Program Files (x86)\Serena\Dimensions 2009 R2\CM\prog\libutil10m.dll
0x05f60000 - 0x06042000 	C:\Program Files (x86)\Serena\Dimensions 2009 R2\CM\prog\tls8012d.dll
0x73860000 - 0x738e7000 	C:\Windows\WinSxS\x86_microsoft.vc80.crt_1fc8b3b9a1e18e3b_8.0.50727.6195_none_d09154e044272b9a\MSVCP80.dll
0x737c0000 - 0x7385b000 	C:\Windows\WinSxS\x86_microsoft.vc80.crt_1fc8b3b9a1e18e3b_8.0.50727.6195_none_d09154e044272b9a\MSVCR80.dll
0x06050000 - 0x0605b000 	C:\Program Files (x86)\Serena\Dimensions 2009 R2\CM\prog\threxcept2412d.dll
0x06060000 - 0x0606b000 	C:\Program Files (x86)\Serena\Dimensions 2009 R2\CM\prog\sync3012d.dll
0x74ec0000 - 0x74ec7000 	C:\Windows\system32\WSOCK32.dll
0x63370000 - 0x6347f000 	C:\Program Files (x86)\Serena\Dimensions 2009 R2\CM\prog\Microsoft.VC80.MFC\MFC80.DLL
0x68eb0000 - 0x68ebe000 	C:\Windows\WinSxS\x86_microsoft.vc80.mfcloc_1fc8b3b9a1e18e3b_8.0.50727.6195_none_03ce2c72205943d3\MFC80ENU.DLL
0x06a30000 - 0x06ab0000 	C:\Program Files (x86)\Serena\Dimensions 2009 R2\CM\prog\DMShellExtPlugin10m.dll
0x06110000 - 0x06116000 	C:\Program Files (x86)\Serena\Dimensions 2009 R2\CM\prog\clientapi10m.dll
0x06af0000 - 0x06ba4000 	C:\Program Files (x86)\Serena\Dimensions 2009 R2\CM\prog\pcmsclnt10m.dll
0x06bb0000 - 0x06c0c000 	C:\Program Files (x86)\Serena\Dimensions 2009 R2\CM\prog\pcms_api10m.dll
0x06c10000 - 0x06cc8000 	C:\Program Files (x86)\Serena\Dimensions 2009 R2\CM\prog\apiclient10m.dll
0x06ce0000 - 0x06cfb000 	C:\Program Files (x86)\Serena\Dimensions 2009 R2\CM\prog\xmlparse.dll
0x06d10000 - 0x06d4c000 	C:\Program Files (x86)\Serena\Dimensions 2009 R2\CM\prog\libnetclient10m.dll
0x06d60000 - 0x06d67000 	C:\Program Files (x86)\Serena\Dimensions 2009 R2\CM\prog\libmemservices10m.dll
0x06d80000 - 0x06da3000 	C:\Program Files (x86)\Serena\Dimensions 2009 R2\CM\prog\libmsgsrv10m.dll
0x06dc0000 - 0x06dd3000 	C:\Program Files (x86)\Serena\Dimensions 2009 R2\CM\prog\libtpl10m.dll
0x06df0000 - 0x06e38000 	C:\Program Files (x86)\Serena\Dimensions 2009 R2\CM\prog\libfilesys10m.dll
0x06e50000 - 0x06f4f000 	C:\Program Files (x86)\Serena\Dimensions 2009 R2\CM\prog\LIBEAY32.dll
0x06f60000 - 0x06f6b000 	C:\Program Files (x86)\Serena\Dimensions 2009 R2\CM\prog\libsymtab10m.dll
0x74ed0000 - 0x74ee2000 	C:\Windows\system32\MPR.dll
0x06f80000 - 0x06fa7000 	C:\Program Files (x86)\Serena\Dimensions 2009 R2\CM\prog\libmetadata_api10m.dll
0x06fc0000 - 0x0700c000 	C:\Program Files (x86)\Serena\Dimensions 2009 R2\CM\prog\libmetadata10m.dll
0x07020000 - 0x07045000 	C:\Program Files (x86)\Serena\Dimensions 2009 R2\CM\prog\libgsoap10m.dll
0x07050000 - 0x07084000 	C:\Program Files (x86)\Serena\Dimensions 2009 R2\CM\prog\SSLEAY32.dll
0x070a0000 - 0x070b3000 	C:\Program Files (x86)\Serena\Dimensions 2009 R2\CM\prog\zlib1.dll
0x070c0000 - 0x070d6000 	C:\Program Files (x86)\Serena\Dimensions 2009 R2\CM\prog\libdurules10m.dll
0x76fb0000 - 0x7702b000 	C:\Windows\syswow64\comdlg32.dll
0x74e70000 - 0x74e75000 	C:\Windows\system32\MSIMG32.dll
0x070f0000 - 0x070f6000 	C:\Program Files (x86)\Serena\Dimensions 2009 R2\CM\prog\libpcwined10m.dll
0x07110000 - 0x0712a000 	C:\Program Files (x86)\Serena\Dimensions 2009 R2\CM\prog\WWH4API.dll
0x07140000 - 0x0718d000 	C:\Program Files (x86)\Serena\Dimensions 2009 R2\CM\prog\libdmdiff10m.dll
0x74ca0000 - 0x74ca8000 	C:\Windows\System32\drprov.dll
0x72700000 - 0x72729000 	C:\Windows\System32\WINSTA.dll
0x68930000 - 0x68944000 	C:\Windows\System32\ntlanman.dll
0x68910000 - 0x68927000 	C:\Windows\System32\davclnt.dll
0x74cb0000 - 0x74cb8000 	C:\Windows\System32\DAVHLPR.dll
0x726a0000 - 0x726af000 	C:\Windows\system32\wkscli.dll
0x72400000 - 0x7240b000 	C:\Windows\system32\cscapi.dll
0x726d0000 - 0x726d9000 	C:\Windows\system32\netutils.dll
0x68880000 - 0x68909000 	C:\Windows\system32\PortableDeviceApi.dll
0x75bb0000 - 0x75bdd000 	C:\Windows\syswow64\WINTRUST.dll
0x758d0000 - 0x759ed000 	C:\Windows\syswow64\CRYPT32.dll
0x76cc0000 - 0x76ccc000 	C:\Windows\syswow64\MSASN1.dll
0x68810000 - 0x68832000 	C:\Windows\system32\EhStorAPI.dll
0x73da0000 - 0x73da9000 	C:\Windows\system32\LINKINFO.dll
0x72490000 - 0x72498000 	C:\Windows\system32\Secur32.dll
0x72660000 - 0x7266f000 	C:\Windows\system32\samcli.dll
0x723e0000 - 0x723f2000 	C:\Windows\system32\SAMLIB.dll
0x6d5c0000 - 0x6d5e4000 	C:\Program Files (x86)\Java\jdk1.6.0_24\jre\bin\jsound.dll
0x6d5f0000 - 0x6d5f8000 	C:\Program Files (x86)\Java\jdk1.6.0_24\jre\bin\jsoundds.dll
0x6be60000 - 0x6bed2000 	C:\Windows\system32\DSOUND.dll
0x71fc0000 - 0x71fe5000 	C:\Windows\system32\POWRPROF.dll
0x6bee0000 - 0x6bf19000 	C:\Windows\system32\MMDevAPI.DLL
0x632f0000 - 0x63320000 	C:\Windows\system32\wdmaud.drv
0x632e0000 - 0x632e4000 	C:\Windows\system32\ksuser.dll
0x62120000 - 0x62127000 	C:\Windows\system32\AVRT.dll
0x6bdd0000 - 0x6be06000 	C:\Windows\system32\AUDIOSES.DLL
0x62110000 - 0x62118000 	C:\Windows\system32\msacm32.drv
0x620f0000 - 0x62104000 	C:\Windows\system32\MSACM32.dll
0x620e0000 - 0x620e7000 	C:\Windows\system32\midimap.dll
0x71ef0000 - 0x71f06000 	C:\Windows\system32\CRYPTSP.dll
0x71eb0000 - 0x71eeb000 	C:\Windows\system32\rsaenh.dll
0x71ea0000 - 0x71eae000 	C:\Windows\system32\RpcRtRemote.dll
0x6d250000 - 0x6d273000 	C:\Program Files (x86)\Java\jdk1.6.0_24\jre\bin\dcpr.dll

VM Arguments:
jvm_args: -Dfile.encoding=Cp1252 
java_command: it.tac.ct.ui.swixml.MapsGeneratorMain
Launcher Type: SUN_STANDARD

Environment Variables:
JAVA_HOME=C:\Program Files (x86)\Java\jdk1.6.0_24
CLASSPATH=.;C:\Program Files (x86)\Java\jre6\lib\ext\QTJava.zip
PATH=C:\oraclexe\app\oracle\product\10.2.0\server\bin;C:\Program Files (x86)\Serena\Dimensions 2009 R2\CM\prog;C:\Program Files (x86)\Serena\Dimensions 2009 R2\CM\prog\Microsoft.VC80.MFC;C:\Program Files (x86)\Serena\Dimensions 2009 R2\CM\prog\Microsoft.VC80.CRT;C:\Program Files (x86)\Serena\Dimensions 2009 R2\CM\prog\Microsoft.VC80.ATL;C:\Program Files\Common Files\Microsoft Shared\Windows Live;C:\Program Files (x86)\Common Files\Microsoft Shared\Windows Live;C:\Program Files (x86)\MiKTeX 2.8\miktex\bin;C:\Windows\system32;C:\Windows;;C:\Windows\System32\Wbem;C:\Windows\System32\WindowsPowerShell\v1.0\;C:\Program Files (x86)\Java\jdk1.6.0_24\bin;C:\Program Files (x86)\JRuby\bin;D:\Mario\MyPrograms\apache-maven-2.2.1\bin;C:\Program Files (x86)\Windows Live\Shared;C:\Program Files\TortoiseGit\bin;C:\Program Files\TortoiseSVN\bin;D:\Mario\MyPrograms\msysgit\bin;C:\Program Files (x86)\QuickTime\QTSystem\;C:\Windows\system32\gs\gs8.71\bin;C:\Program Files (x86)\IDM Computer Solutions\UltraEdit\
USERNAME=Mario
OS=Windows_NT
PROCESSOR_IDENTIFIER=Intel64 Family 6 Model 23 Stepping 6, GenuineIntel



---------------  S Y S T E M  ---------------

OS: Windows 7 Build 7601 Service Pack 1

CPU:total 2 (2 cores per cpu, 1 threads per core) family 6 model 23 stepping 6, cmov, cx8, fxsr, mmx, sse, sse2, sse3, ssse3, sse4.1

Memory: 4k page, physical 3072272k(1374176k free), swap 6142692k(2459380k free)

vm_info: Java HotSpot(TM) Client VM (19.1-b02) for windows-x86 JRE (1.6.0_24-b07), built on Feb  2 2011 17:44:41 by "java_re" with MS VC++ 7.1 (VS2003)

time: Thu May 10 00:17:48 2012
elapsed time: 82 seconds

